0 info it worked if it ends with ok
1 verbose cli [ '/usr/local/Cellar/node/0.8.17/bin/node',
1 verbose cli   '/usr/local/bin/npm',
1 verbose cli   'run-script',
1 verbose cli   'test' ]
2 info using npm@1.2.0
3 info using node@v0.8.17
4 verbose read json /Users/vedmak/dev/backbone-package-template/package.json
5 verbose run-script [ 'pretest', 'test', 'posttest' ]
6 info pretest BackbonePackage@0.1.0
7 info test BackbonePackage@0.1.0
8 verbose unsafe-perm in lifecycle true
9 silly exec sh "-c" "node_modules/.bin/testacular start test/testacular.conf.js"
10 silly sh,-c,node_modules/.bin/testacular start test/testacular.conf.js,/Users/vedmak/dev/backbone-package-template spawning
11 info BackbonePackage@0.1.0 Failed to exec test script
12 error BackbonePackage@0.1.0 test: `node_modules/.bin/testacular start test/testacular.conf.js`
12 error `sh "-c" "node_modules/.bin/testacular start test/testacular.conf.js"` failed with 1
13 error Failed at the BackbonePackage@0.1.0 test script.
13 error This is most likely a problem with the BackbonePackage package,
13 error not with npm itself.
13 error Tell the author that this fails on your system:
13 error     node_modules/.bin/testacular start test/testacular.conf.js
13 error You can get their info via:
13 error     npm owner ls BackbonePackage
13 error There is likely additional logging output above.
14 error System Darwin 12.0.0
15 error command "/usr/local/Cellar/node/0.8.17/bin/node" "/usr/local/bin/npm" "run-script" "test"
16 error cwd /Users/vedmak/dev/backbone-package-template
17 error node -v v0.8.17
18 error npm -v 1.2.0
19 error code ELIFECYCLE
20 verbose exit [ 1, true ]
